0:0:0:0:0:0:0:1 [14/Feb/2018:14:30:37 +0800] "GET /swagger-ui.html HTTP/1.1" 304 -
0:0:0:0:0:0:0:1 [14/Feb/2018:14:30:37 +0800] "GET /webjars/springfox-swagger-ui/swagger-ui-standalone-preset.js?v=2.8.0-SNAPSHOT HTTP/1.1" 304 -
0:0:0:0:0:0:0:1 [14/Feb/2018:14:30:37 +0800] "GET /webjars/springfox-swagger-ui/swagger-ui-bundle.js?v=2.8.0-SNAPSHOT HTTP/1.1" 304 -
0:0:0:0:0:0:0:1 [14/Feb/2018:14:30:37 +0800] "GET /webjars/springfox-swagger-ui/swagger-ui.css?v=2.8.0-SNAPSHOT HTTP/1.1" 304 -
0:0:0:0:0:0:0:1 [14/Feb/2018:14:30:37 +0800] "GET /webjars/springfox-swagger-ui/springfox.js?v=2.8.0-SNAPSHOT HTTP/1.1" 304 -
0:0:0:0:0:0:0:1 [14/Feb/2018:14:30:37 +0800] "GET /webjars/springfox-swagger-ui/springfox.css?v=2.8.0-SNAPSHOT HTTP/1.1" 304 -
0:0:0:0:0:0:0:1 [14/Feb/2018:14:30:37 +0800] "GET /swagger-resources/configuration/ui HTTP/1.1" 200 356
0:0:0:0:0:0:0:1 [14/Feb/2018:14:30:37 +0800] "GET /swagger-resources/configuration/security HTTP/1.1" 200 12
0:0:0:0:0:0:0:1 [14/Feb/2018:14:30:37 +0800] "GET /swagger-resources HTTP/1.1" 200 101
0:0:0:0:0:0:0:1 [14/Feb/2018:14:30:37 +0800] "GET /webjars/springfox-swagger-ui/fonts/titillium-web-v6-latin-700.woff2 HTTP/1.1" 304 -
0:0:0:0:0:0:0:1 [14/Feb/2018:14:30:37 +0800] "GET /webjars/springfox-swagger-ui/fonts/open-sans-v15-latin-regular.woff2 HTTP/1.1" 304 -
0:0:0:0:0:0:0:1 [14/Feb/2018:14:30:37 +0800] "GET /v2/api-docs HTTP/1.1" 200 3122
0:0:0:0:0:0:0:1 [14/Feb/2018:14:30:37 +0800] "GET /webjars/springfox-swagger-ui/fonts/source-code-pro-v7-latin-300.woff2 HTTP/1.1" 304 -
0:0:0:0:0:0:0:1 [14/Feb/2018:14:30:37 +0800] "GET /webjars/springfox-swagger-ui/fonts/open-sans-v15-latin-700.woff2 HTTP/1.1" 304 -
0:0:0:0:0:0:0:1 [14/Feb/2018:14:30:40 +0800] "GET /webjars/springfox-swagger-ui/fonts/source-code-pro-v7-latin-600.woff2 HTTP/1.1" 304 -
0:0:0:0:0:0:0:1 [14/Feb/2018:14:30:41 +0800] "GET /webjars/springfox-swagger-ui/fonts/titillium-web-v6-latin-regular.woff2 HTTP/1.1" 200 12264
0:0:0:0:0:0:0:1 [14/Feb/2018:14:30:58 +0800] "GET /api/user HTTP/1.1" 200 214
0:0:0:0:0:0:0:1 [14/Feb/2018:14:31:33 +0800] "GET /api/bar HTTP/1.1" 404 306
0:0:0:0:0:0:0:1 [14/Feb/2018:14:31:39 +0800] "GET /api/foo HTTP/1.1" 400 300
0:0:0:0:0:0:0:1 [14/Feb/2018:14:32:00 +0800] "GET /api/hello HTTP/1.1" 200 10
0:0:0:0:0:0:0:1 [14/Feb/2018:14:32:51 +0800] "GET /actuator/env HTTP/1.1" 200 22277
0:0:0:0:0:0:0:1 [14/Feb/2018:14:32:58 +0800] "GET /actuator/beans HTTP/1.1" 200 120366
0:0:0:0:0:0:0:1 [14/Feb/2018:14:33:14 +0800] "GET /actuator/configprops HTTP/1.1" 200 6882
0:0:0:0:0:0:0:1 [14/Feb/2018:14:33:52 +0800] "GET /actuator/metrics HTTP/1.1" 200 486
0:0:0:0:0:0:0:1 [14/Feb/2018:14:35:46 +0800] "GET /actuator/shutdown HTTP/1.1" 405 337
0:0:0:0:0:0:0:1 [14/Feb/2018:14:36:21 +0800] "GET /actuator/httptrace HTTP/1.1" 200 20018
0:0:0:0:0:0:0:1 [14/Feb/2018:14:37:43 +0800] "GET /actuator/httptrace HTTP/1.1" 200 23
0:0:0:0:0:0:0:1 [14/Feb/2018:14:37:43 +0800] "GET /favicon.ico HTTP/1.1" 200 946
0:0:0:0:0:0:0:1 [14/Feb/2018:14:37:45 +0800] "GET /actuator/httptrace HTTP/1.1" 200 1782
0:0:0:0:0:0:0:1 [14/Feb/2018:14:37:45 +0800] "GET /favicon.ico HTTP/1.1" 200 946
0:0:0:0:0:0:0:1 [14/Feb/2018:14:38:01 +0800] "GET /api/hello HTTP/1.1" 200 10
0:0:0:0:0:0:0:1 [14/Feb/2018:14:38:01 +0800] "GET /favicon.ico HTTP/1.1" 200 946
0:0:0:0:0:0:0:1 [14/Feb/2018:14:38:04 +0800] "GET /actuator/httptrace HTTP/1.1" 200 5238
0:0:0:0:0:0:0:1 [14/Feb/2018:14:38:04 +0800] "GET /favicon.ico HTTP/1.1" 200 946
0:0:0:0:0:0:0:1 [14/Feb/2018:14:42:29 +0800] "GET /actuator/health HTTP/1.1" 200 25
0:0:0:0:0:0:0:1 [14/Feb/2018:14:54:21 +0800] "GET /actuator/health HTTP/1.1" 200 25
0:0:0:0:0:0:0:1 [14/Feb/2018:14:54:21 +0800] "GET /favicon.ico HTTP/1.1" 200 946
